<?xml version="1.0" encoding="UTF-8"?>
<coverage generated="1564406931131" clover="3.2.0">
  <project timestamp="1564406931131" name="All files">
    <metrics statements="140" coveredstatements="120" conditionals="78" coveredconditionals="43" methods="36" coveredmethods="30" elements="254" coveredelements="193" complexity="0" loc="140" ncloc="140" packages="1" files="2" classes="2"/>
    <file name="index.js" path="/Users/jiayali/Desktop/webpack-plugin/webpack-build-log-plugin/src/index.js">
      <metrics statements="130" coveredstatements="110" conditionals="74" coveredconditionals="39" methods="34" coveredmethods="28"/>
      <line num="1" count="1" type="stmt"/>
      <line num="2" count="1" type="stmt"/>
      <line num="3" count="1" type="stmt"/>
      <line num="4" count="1" type="stmt"/>
      <line num="5" count="1" type="stmt"/>
      <line num="6" count="1" type="stmt"/>
      <line num="7" count="1" type="stmt"/>
      <line num="8" count="1" type="stmt"/>
      <line num="9" count="1" type="stmt"/>
      <line num="10" count="1" type="stmt"/>
      <line num="11" count="1" type="stmt"/>
      <line num="13" count="1" type="stmt"/>
      <line num="14" count="1" type="stmt"/>
      <line num="18" count="3" type="stmt"/>
      <line num="19" count="3" type="stmt"/>
      <line num="23" count="3" type="stmt"/>
      <line num="24" count="3" type="stmt"/>
      <line num="26" count="3" type="cond" truecount="2" falsecount="0"/>
      <line num="27" count="1" type="stmt"/>
      <line num="29" count="2" type="stmt"/>
      <line num="35" count="3" type="stmt"/>
      <line num="36" count="3" type="stmt"/>
      <line num="37" count="3" type="stmt"/>
      <line num="39" count="3" type="stmt"/>
      <line num="45" count="2" type="stmt"/>
      <line num="46" count="2" type="stmt"/>
      <line num="47" count="2" type="stmt"/>
      <line num="48" count="2" type="stmt"/>
      <line num="49" count="2" type="stmt"/>
      <line num="50" count="2" type="stmt"/>
      <line num="51" count="2" type="stmt"/>
      <line num="52" count="2" type="stmt"/>
      <line num="53" count="2" type="stmt"/>
      <line num="55" count="2" type="cond" truecount="2" falsecount="3"/>
      <line num="56" count="2" type="stmt"/>
      <line num="57" count="2" type="stmt"/>
      <line num="58" count="2" type="stmt"/>
      <line num="59" count="2" type="stmt"/>
      <line num="60" count="2" type="cond" truecount="1" falsecount="1"/>
      <line num="61" count="0" type="stmt"/>
      <line num="63" count="2" type="stmt"/>
      <line num="64" count="2" type="cond" truecount="2" falsecount="2"/>
      <line num="65" count="2" type="stmt"/>
      <line num="66" count="2" type="cond" truecount="2" falsecount="0"/>
      <line num="67" count="2" type="cond" truecount="2" falsecount="0"/>
      <line num="68" count="2" type="stmt"/>
      <line num="83" count="3" type="stmt"/>
      <line num="84" count="75" type="stmt"/>
      <line num="86" count="159" type="stmt"/>
      <line num="87" count="159" type="cond" truecount="1" falsecount="1"/>
      <line num="88" count="0" type="stmt"/>
      <line num="90" count="0" type="stmt"/>
      <line num="91" count="0" type="cond" truecount="0" falsecount="2"/>
      <line num="92" count="0" type="stmt"/>
      <line num="93" count="0" type="stmt"/>
      <line num="94" count="0" type="stmt"/>
      <line num="95" count="0" type="stmt"/>
      <line num="96" count="0" type="stmt"/>
      <line num="97" count="0" type="stmt"/>
      <line num="100" count="159" type="stmt"/>
      <line num="107" count="3" type="stmt"/>
      <line num="108" count="3" type="stmt"/>
      <line num="116" count="2" type="stmt"/>
      <line num="122" count="2" type="stmt"/>
      <line num="127" count="2" type="stmt"/>
      <line num="132" count="2" type="stmt"/>
      <line num="133" count="2" type="stmt"/>
      <line num="134" count="2" type="cond" truecount="1" falsecount="1"/>
      <line num="135" count="2" type="cond" truecount="1" falsecount="1"/>
      <line num="136" count="0" type="stmt"/>
      <line num="137" count="2" type="cond" truecount="2" falsecount="2"/>
      <line num="138" count="0" type="stmt"/>
      <line num="139" count="2" type="cond" truecount="1" falsecount="1"/>
      <line num="140" count="0" type="stmt"/>
      <line num="142" count="2" type="stmt"/>
      <line num="146" count="2" type="stmt"/>
      <line num="149" count="2" type="stmt"/>
      <line num="151" count="2" type="stmt"/>
      <line num="153" count="2" type="stmt"/>
      <line num="155" count="2" type="stmt"/>
      <line num="156" count="2" type="stmt"/>
      <line num="157" count="2" type="stmt"/>
      <line num="158" count="2" type="stmt"/>
      <line num="159" count="2" type="stmt"/>
      <line num="170" count="2" type="stmt"/>
      <line num="171" count="2" type="stmt"/>
      <line num="172" count="2" type="stmt"/>
      <line num="174" count="2" type="stmt"/>
      <line num="176" count="2" type="stmt"/>
      <line num="177" count="2" type="stmt"/>
      <line num="178" count="2" type="stmt"/>
      <line num="179" count="2" type="stmt"/>
      <line num="180" count="2" type="stmt"/>
      <line num="181" count="0" type="cond" truecount="0" falsecount="4"/>
      <line num="182" count="0" type="cond" truecount="0" falsecount="4"/>
      <line num="183" count="0" type="cond" truecount="0" falsecount="4"/>
      <line num="184" count="0" type="cond" truecount="0" falsecount="4"/>
      <line num="185" count="0" type="stmt"/>
      <line num="187" count="2" type="stmt"/>
      <line num="188" count="2" type="stmt"/>
      <line num="189" count="2" type="stmt"/>
      <line num="190" count="2" type="stmt"/>
      <line num="204" count="2" type="cond" truecount="2" falsecount="0"/>
      <line num="205" count="2" type="stmt"/>
      <line num="206" count="2" type="stmt"/>
      <line num="207" count="2" type="stmt"/>
      <line num="212" count="2" type="stmt"/>
      <line num="213" count="2" type="stmt"/>
      <line num="214" count="6" type="cond" truecount="2" falsecount="0"/>
      <line num="215" count="4" type="stmt"/>
      <line num="217" count="2" type="cond" truecount="1" falsecount="1"/>
      <line num="218" count="2" type="stmt"/>
      <line num="219" count="2" type="cond" truecount="1" falsecount="1"/>
      <line num="220" count="0" type="stmt"/>
      <line num="221" count="0" type="stmt"/>
      <line num="223" count="2" type="stmt"/>
      <line num="224" count="2" type="cond" truecount="1" falsecount="1"/>
      <line num="227" count="2" type="cond" truecount="2" falsecount="0"/>
      <line num="228" count="2" type="cond" truecount="4" falsecount="0"/>
      <line num="229" count="1" type="stmt"/>
      <line num="231" count="2" type="stmt"/>
      <line num="232" count="2" type="cond" truecount="1" falsecount="1"/>
      <line num="233" count="2" type="stmt"/>
      <line num="235" count="2" type="cond" truecount="2" falsecount="0"/>
      <line num="238" count="2" type="stmt"/>
      <line num="239" count="2" type="stmt"/>
      <line num="245" count="2" type="cond" truecount="2" falsecount="0"/>
      <line num="246" count="1" type="stmt"/>
      <line num="250" count="2" type="stmt"/>
      <line num="254" count="1" type="stmt"/>
    </file>
    <file name="utils.js" path="/Users/jiayali/Desktop/webpack-plugin/webpack-build-log-plugin/src/utils.js">
      <metrics statements="10" coveredstatements="10" conditionals="4" coveredconditionals="4" methods="2" coveredmethods="2"/>
      <line num="1" count="1" type="stmt"/>
      <line num="2" count="1" type="stmt"/>
      <line num="3" count="1" type="stmt"/>
      <line num="4" count="1" type="stmt"/>
      <line num="5" count="1" type="stmt"/>
      <line num="6" count="4" type="stmt"/>
      <line num="7" count="7" type="stmt"/>
      <line num="8" count="7" type="cond" truecount="4" falsecount="0"/>
      <line num="9" count="1" type="stmt"/>
      <line num="13" count="1" type="stmt"/>
    </file>
  </project>
</coverage>
