{"/Users/jiayali/Desktop/webpack-plugin/webpack-build-log-plugin/src/index.js": {"path":"/Users/jiayali/Desktop/webpack-plugin/webpack-build-log-plugin/src/index.js","statementMap":{"0":{"start":{"line":1,"column":11},"end":{"line":1,"column":24}},"1":{"start":{"line":2,"column":13},"end":{"line":2,"column":28}},"2":{"start":{"line":3,"column":14},"end":{"line":3,"column":30}},"3":{"start":{"line":4,"column":12},"end":{"line":4,"column":31}},"4":{"start":{"line":5,"column":14},"end":{"line":5,"column":30}},"5":{"start":{"line":6,"column":13},"end":{"line":6,"column":35}},"6":{"start":{"line":7,"column":17},"end":{"line":7,"column":36}},"7":{"start":{"line":8,"column":18},"end":{"line":8,"column":39}},"8":{"start":{"line":9,"column":21},"end":{"line":9,"column":39}},"9":{"start":{"line":10,"column":17},"end":{"line":10,"column":42}},"10":{"start":{"line":11,"column":18},"end":{"line":11,"column":36}},"11":{"start":{"line":13,"column":34},"end":{"line":13,"column":44}},"12":{"start":{"line":14,"column":33},"end":{"line":14,"column":44}},"13":{"start":{"line":18,"column":4},"end":{"line":18,"column":27}},"14":{"start":{"line":19,"column":4},"end":{"line":19,"column":46}},"15":{"start":{"line":23,"column":4},"end":{"line":23,"column":38}},"16":{"start":{"line":24,"column":4},"end":{"line":24,"column":29}},"17":{"start":{"line":26,"column":4},"end":{"line":28,"column":5}},"18":{"start":{"line":27,"column":6},"end":{"line":27,"column":19}},"19":{"start":{"line":29,"column":4},"end":{"line":29,"column":29}},"20":{"start":{"line":35,"column":4},"end":{"line":35,"column":73}},"21":{"start":{"line":36,"column":4},"end":{"line":40,"column":7}},"22":{"start":{"line":37,"column":23},"end":{"line":37,"column":51}},"23":{"start":{"line":39,"column":6},"end":{"line":39,"column":99}},"24":{"start":{"line":45,"column":21},"end":{"line":45,"column":49}},"25":{"start":{"line":46,"column":4},"end":{"line":79,"column":7}},"26":{"start":{"line":47,"column":6},"end":{"line":78,"column":9}},"27":{"start":{"line":48,"column":8},"end":{"line":48,"column":35}},"28":{"start":{"line":49,"column":8},"end":{"line":49,"column":87}},"29":{"start":{"line":50,"column":8},"end":{"line":77,"column":11}},"30":{"start":{"line":51,"column":24},"end":{"line":51,"column":26}},"31":{"start":{"line":52,"column":10},"end":{"line":52,"column":48}},"32":{"start":{"line":53,"column":23},"end":{"line":53,"column":43}},"33":{"start":{"line":55,"column":26},"end":{"line":55,"column":146}},"34":{"start":{"line":56,"column":10},"end":{"line":56,"column":38}},"35":{"start":{"line":57,"column":19},"end":{"line":57,"column":62}},"36":{"start":{"line":58,"column":10},"end":{"line":58,"column":83}},"37":{"start":{"line":59,"column":10},"end":{"line":76,"column":13}},"38":{"start":{"line":60,"column":12},"end":{"line":62,"column":13}},"39":{"start":{"line":61,"column":14},"end":{"line":61,"column":24}},"40":{"start":{"line":63,"column":12},"end":{"line":63,"column":30}},"41":{"start":{"line":64,"column":12},"end":{"line":64,"column":179}},"42":{"start":{"line":65,"column":12},"end":{"line":65,"column":30}},"43":{"start":{"line":66,"column":12},"end":{"line":66,"column":110}},"44":{"start":{"line":67,"column":12},"end":{"line":67,"column":108}},"45":{"start":{"line":68,"column":12},"end":{"line":75,"column":14}},"46":{"start":{"line":83,"column":4},"end":{"line":103,"column":7}},"47":{"start":{"line":84,"column":6},"end":{"line":102,"column":9}},"48":{"start":{"line":86,"column":29},"end":{"line":86,"column":55}},"49":{"start":{"line":87,"column":10},"end":{"line":99,"column":11}},"50":{"start":{"line":88,"column":12},"end":{"line":98,"column":18}},"51":{"start":{"line":90,"column":37},"end":{"line":90,"column":78}},"52":{"start":{"line":91,"column":41},"end":{"line":91,"column":94}},"53":{"start":{"line":92,"column":16},"end":{"line":92,"column":119}},"54":{"start":{"line":93,"column":16},"end":{"line":93,"column":176}},"55":{"start":{"line":94,"column":16},"end":{"line":94,"column":101}},"56":{"start":{"line":95,"column":16},"end":{"line":95,"column":101}},"57":{"start":{"line":96,"column":16},"end":{"line":96,"column":101}},"58":{"start":{"line":97,"column":16},"end":{"line":97,"column":94}},"59":{"start":{"line":100,"column":10},"end":{"line":100,"column":25}},"60":{"start":{"line":107,"column":4},"end":{"line":112,"column":7}},"61":{"start":{"line":108,"column":6},"end":{"line":111,"column":9}},"62":{"start":{"line":116,"column":4},"end":{"line":118,"column":6}},"63":{"start":{"line":122,"column":4},"end":{"line":128,"column":8}},"64":{"start":{"line":127,"column":35},"end":{"line":127,"column":42}},"65":{"start":{"line":132,"column":26},"end":{"line":132,"column":35}},"66":{"start":{"line":133,"column":21},"end":{"line":133,"column":47}},"67":{"start":{"line":134,"column":19},"end":{"line":134,"column":71}},"68":{"start":{"line":135,"column":4},"end":{"line":143,"column":5}},"69":{"start":{"line":136,"column":6},"end":{"line":136,"column":39}},"70":{"start":{"line":137,"column":11},"end":{"line":143,"column":5}},"71":{"start":{"line":138,"column":6},"end":{"line":138,"column":42}},"72":{"start":{"line":139,"column":11},"end":{"line":143,"column":5}},"73":{"start":{"line":140,"column":6},"end":{"line":140,"column":35}},"74":{"start":{"line":142,"column":6},"end":{"line":142,"column":16}},"75":{"start":{"line":146,"column":4},"end":{"line":146,"column":53}},"76":{"start":{"line":149,"column":17},"end":{"line":170,"column":54}},"77":{"start":{"line":151,"column":8},"end":{"line":168,"column":12}},"78":{"start":{"line":153,"column":34},"end":{"line":153,"column":63}},"79":{"start":{"line":155,"column":31},"end":{"line":155,"column":75}},"80":{"start":{"line":156,"column":23},"end":{"line":156,"column":45}},"81":{"start":{"line":157,"column":31},"end":{"line":157,"column":79}},"82":{"start":{"line":158,"column":29},"end":{"line":158,"column":72}},"83":{"start":{"line":159,"column":12},"end":{"line":167,"column":14}},"84":{"start":{"line":170,"column":31},"end":{"line":170,"column":49}},"85":{"start":{"line":171,"column":4},"end":{"line":171,"column":43}},"86":{"start":{"line":171,"column":26},"end":{"line":171,"column":41}},"87":{"start":{"line":172,"column":33},"end":{"line":175,"column":5}},"88":{"start":{"line":174,"column":22},"end":{"line":174,"column":51}},"89":{"start":{"line":176,"column":33},"end":{"line":176,"column":38}},"90":{"start":{"line":177,"column":17},"end":{"line":177,"column":41}},"91":{"start":{"line":177,"column":24},"end":{"line":177,"column":41}},"92":{"start":{"line":178,"column":18},"end":{"line":178,"column":43}},"93":{"start":{"line":178,"column":25},"end":{"line":178,"column":43}},"94":{"start":{"line":179,"column":20},"end":{"line":179,"column":49}},"95":{"start":{"line":179,"column":27},"end":{"line":179,"column":49}},"96":{"start":{"line":180,"column":4},"end":{"line":186,"column":7}},"97":{"start":{"line":181,"column":6},"end":{"line":181,"column":51}},"98":{"start":{"line":181,"column":41},"end":{"line":181,"column":51}},"99":{"start":{"line":182,"column":6},"end":{"line":182,"column":50}},"100":{"start":{"line":182,"column":41},"end":{"line":182,"column":50}},"101":{"start":{"line":183,"column":6},"end":{"line":183,"column":57}},"102":{"start":{"line":183,"column":47},"end":{"line":183,"column":57}},"103":{"start":{"line":184,"column":6},"end":{"line":184,"column":56}},"104":{"start":{"line":184,"column":47},"end":{"line":184,"column":56}},"105":{"start":{"line":185,"column":6},"end":{"line":185,"column":29}},"106":{"start":{"line":187,"column":21},"end":{"line":187,"column":85}},"107":{"start":{"line":187,"column":55},"end":{"line":187,"column":80}},"108":{"start":{"line":188,"column":4},"end":{"line":188,"column":44}},"109":{"start":{"line":189,"column":4},"end":{"line":189,"column":52}},"110":{"start":{"line":190,"column":4},"end":{"line":194,"column":6}},"111":{"start":{"line":204,"column":26},"end":{"line":204,"column":62}},"112":{"start":{"line":205,"column":18},"end":{"line":205,"column":20}},"113":{"start":{"line":206,"column":15},"end":{"line":206,"column":35}},"114":{"start":{"line":207,"column":16},"end":{"line":207,"column":37}},"115":{"start":{"line":212,"column":8},"end":{"line":212,"column":62}},"116":{"start":{"line":213,"column":4},"end":{"line":237,"column":7}},"117":{"start":{"line":214,"column":6},"end":{"line":236,"column":7}},"118":{"start":{"line":215,"column":8},"end":{"line":215,"column":49}},"119":{"start":{"line":217,"column":24},"end":{"line":217,"column":45}},"120":{"start":{"line":218,"column":25},"end":{"line":218,"column":52}},"121":{"start":{"line":219,"column":8},"end":{"line":222,"column":9}},"122":{"start":{"line":220,"column":29},"end":{"line":220,"column":76}},"123":{"start":{"line":221,"column":10},"end":{"line":221,"column":36}},"124":{"start":{"line":223,"column":27},"end":{"line":223,"column":60}},"125":{"start":{"line":224,"column":33},"end":{"line":226,"column":28}},"126":{"start":{"line":227,"column":22},"end":{"line":227,"column":75}},"127":{"start":{"line":228,"column":8},"end":{"line":230,"column":9}},"128":{"start":{"line":229,"column":10},"end":{"line":229,"column":40}},"129":{"start":{"line":231,"column":20},"end":{"line":231,"column":42}},"130":{"start":{"line":232,"column":8},"end":{"line":234,"column":9}},"131":{"start":{"line":233,"column":10},"end":{"line":233,"column":57}},"132":{"start":{"line":235,"column":8},"end":{"line":235,"column":149}},"133":{"start":{"line":238,"column":4},"end":{"line":238,"column":108}},"134":{"start":{"line":239,"column":4},"end":{"line":244,"column":6}},"135":{"start":{"line":245,"column":4},"end":{"line":249,"column":5}},"136":{"start":{"line":246,"column":6},"end":{"line":248,"column":8}},"137":{"start":{"line":250,"column":4},"end":{"line":250,"column":30}},"138":{"start":{"line":254,"column":0},"end":{"line":254,"column":39}}},"fnMap":{"0":{"name":"(anonymous_0)","decl":{"start":{"line":17,"column":2},"end":{"line":17,"column":3}},"loc":{"start":{"line":17,"column":24},"end":{"line":20,"column":3}},"line":17},"1":{"name":"(anonymous_1)","decl":{"start":{"line":22,"column":2},"end":{"line":22,"column":3}},"loc":{"start":{"line":22,"column":19},"end":{"line":30,"column":3}},"line":22},"2":{"name":"(anonymous_2)","decl":{"start":{"line":33,"column":2},"end":{"line":33,"column":3}},"loc":{"start":{"line":33,"column":23},"end":{"line":41,"column":3}},"line":33},"3":{"name":"(anonymous_3)","decl":{"start":{"line":36,"column":52},"end":{"line":36,"column":53}},"loc":{"start":{"line":36,"column":58},"end":{"line":40,"column":5}},"line":36},"4":{"name":"(anonymous_4)","decl":{"start":{"line":44,"column":2},"end":{"line":44,"column":3}},"loc":{"start":{"line":44,"column":23},"end":{"line":80,"column":3}},"line":44},"5":{"name":"(anonymous_5)","decl":{"start":{"line":46,"column":71},"end":{"line":46,"column":72}},"loc":{"start":{"line":46,"column":96},"end":{"line":79,"column":5}},"line":46},"6":{"name":"(anonymous_6)","decl":{"start":{"line":47,"column":31},"end":{"line":47,"column":32}},"loc":{"start":{"line":47,"column":54},"end":{"line":78,"column":7}},"line":47},"7":{"name":"(anonymous_7)","decl":{"start":{"line":50,"column":49},"end":{"line":50,"column":50}},"loc":{"start":{"line":50,"column":70},"end":{"line":77,"column":9}},"line":50},"8":{"name":"(anonymous_8)","decl":{"start":{"line":59,"column":35},"end":{"line":59,"column":36}},"loc":{"start":{"line":59,"column":44},"end":{"line":76,"column":11}},"line":59},"9":{"name":"(anonymous_9)","decl":{"start":{"line":82,"column":2},"end":{"line":82,"column":3}},"loc":{"start":{"line":82,"column":32},"end":{"line":104,"column":3}},"line":82},"10":{"name":"(anonymous_10)","decl":{"start":{"line":83,"column":40},"end":{"line":83,"column":41}},"loc":{"start":{"line":83,"column":57},"end":{"line":103,"column":5}},"line":83},"11":{"name":"(anonymous_11)","decl":{"start":{"line":85,"column":18},"end":{"line":85,"column":19}},"loc":{"start":{"line":85,"column":31},"end":{"line":101,"column":9}},"line":85},"12":{"name":"(anonymous_12)","decl":{"start":{"line":89,"column":18},"end":{"line":89,"column":19}},"loc":{"start":{"line":89,"column":29},"end":{"line":98,"column":15}},"line":89},"13":{"name":"(anonymous_13)","decl":{"start":{"line":106,"column":2},"end":{"line":106,"column":3}},"loc":{"start":{"line":106,"column":44},"end":{"line":113,"column":3}},"line":106},"14":{"name":"(anonymous_14)","decl":{"start":{"line":107,"column":23},"end":{"line":107,"column":24}},"loc":{"start":{"line":107,"column":34},"end":{"line":112,"column":5}},"line":107},"15":{"name":"(anonymous_15)","decl":{"start":{"line":115,"column":2},"end":{"line":115,"column":3}},"loc":{"start":{"line":115,"column":23},"end":{"line":119,"column":3}},"line":115},"16":{"name":"(anonymous_16)","decl":{"start":{"line":121,"column":2},"end":{"line":121,"column":3}},"loc":{"start":{"line":121,"column":45},"end":{"line":129,"column":3}},"line":121},"17":{"name":"(anonymous_17)","decl":{"start":{"line":127,"column":8},"end":{"line":127,"column":9}},"loc":{"start":{"line":127,"column":35},"end":{"line":127,"column":42}},"line":127},"18":{"name":"(anonymous_18)","decl":{"start":{"line":131,"column":2},"end":{"line":131,"column":3}},"loc":{"start":{"line":131,"column":49},"end":{"line":144,"column":3}},"line":131},"19":{"name":"(anonymous_19)","decl":{"start":{"line":145,"column":2},"end":{"line":145,"column":3}},"loc":{"start":{"line":145,"column":17},"end":{"line":147,"column":3}},"line":145},"20":{"name":"(anonymous_20)","decl":{"start":{"line":148,"column":2},"end":{"line":148,"column":3}},"loc":{"start":{"line":148,"column":53},"end":{"line":195,"column":3}},"line":148},"21":{"name":"(anonymous_21)","decl":{"start":{"line":150,"column":11},"end":{"line":150,"column":12}},"loc":{"start":{"line":151,"column":8},"end":{"line":168,"column":12}},"line":151},"22":{"name":"(anonymous_22)","decl":{"start":{"line":153,"column":25},"end":{"line":153,"column":26}},"loc":{"start":{"line":153,"column":34},"end":{"line":153,"column":63}},"line":153},"23":{"name":"(anonymous_23)","decl":{"start":{"line":154,"column":15},"end":{"line":154,"column":16}},"loc":{"start":{"line":154,"column":24},"end":{"line":168,"column":11}},"line":154},"24":{"name":"(anonymous_24)","decl":{"start":{"line":170,"column":14},"end":{"line":170,"column":15}},"loc":{"start":{"line":170,"column":31},"end":{"line":170,"column":49}},"line":170},"25":{"name":"(anonymous_25)","decl":{"start":{"line":171,"column":16},"end":{"line":171,"column":17}},"loc":{"start":{"line":171,"column":26},"end":{"line":171,"column":41}},"line":171},"26":{"name":"(anonymous_26)","decl":{"start":{"line":174,"column":17},"end":{"line":174,"column":18}},"loc":{"start":{"line":174,"column":22},"end":{"line":174,"column":51}},"line":174},"27":{"name":"(anonymous_27)","decl":{"start":{"line":177,"column":17},"end":{"line":177,"column":18}},"loc":{"start":{"line":177,"column":24},"end":{"line":177,"column":41}},"line":177},"28":{"name":"(anonymous_28)","decl":{"start":{"line":178,"column":18},"end":{"line":178,"column":19}},"loc":{"start":{"line":178,"column":25},"end":{"line":178,"column":43}},"line":178},"29":{"name":"(anonymous_29)","decl":{"start":{"line":179,"column":20},"end":{"line":179,"column":21}},"loc":{"start":{"line":179,"column":27},"end":{"line":179,"column":49}},"line":179},"30":{"name":"(anonymous_30)","decl":{"start":{"line":180,"column":16},"end":{"line":180,"column":17}},"loc":{"start":{"line":180,"column":26},"end":{"line":186,"column":5}},"line":180},"31":{"name":"(anonymous_31)","decl":{"start":{"line":187,"column":38},"end":{"line":187,"column":39}},"loc":{"start":{"line":187,"column":55},"end":{"line":187,"column":80}},"line":187},"32":{"name":"(anonymous_32)","decl":{"start":{"line":196,"column":2},"end":{"line":196,"column":3}},"loc":{"start":{"line":203,"column":4},"end":{"line":251,"column":3}},"line":203},"33":{"name":"(anonymous_33)","decl":{"start":{"line":213,"column":19},"end":{"line":213,"column":20}},"loc":{"start":{"line":213,"column":28},"end":{"line":237,"column":5}},"line":213}},"branchMap":{"0":{"loc":{"start":{"line":26,"column":4},"end":{"line":28,"column":5}},"type":"if","locations":[{"start":{"line":26,"column":4},"end":{"line":28,"column":5}},{"start":{"line":26,"column":4},"end":{"line":28,"column":5}}],"line":26},"1":{"loc":{"start":{"line":55,"column":29},"end":{"line":55,"column":92}},"type":"binary-expr","locations":[{"start":{"line":55,"column":29},"end":{"line":55,"column":46}},{"start":{"line":55,"column":50},"end":{"line":55,"column":83}},{"start":{"line":55,"column":87},"end":{"line":55,"column":92}}],"line":55},"2":{"loc":{"start":{"line":55,"column":96},"end":{"line":55,"column":144}},"type":"binary-expr","locations":[{"start":{"line":55,"column":96},"end":{"line":55,"column":117}},{"start":{"line":55,"column":121},"end":{"line":55,"column":144}}],"line":55},"3":{"loc":{"start":{"line":60,"column":12},"end":{"line":62,"column":13}},"type":"if","locations":[{"start":{"line":60,"column":12},"end":{"line":62,"column":13}},{"start":{"line":60,"column":12},"end":{"line":62,"column":13}}],"line":60},"4":{"loc":{"start":{"line":64,"column":68},"end":{"line":64,"column":122}},"type":"binary-expr","locations":[{"start":{"line":64,"column":68},"end":{"line":64,"column":85}},{"start":{"line":64,"column":89},"end":{"line":64,"column":122}}],"line":64},"5":{"loc":{"start":{"line":64,"column":126},"end":{"line":64,"column":174}},"type":"binary-expr","locations":[{"start":{"line":64,"column":126},"end":{"line":64,"column":147}},{"start":{"line":64,"column":151},"end":{"line":64,"column":174}}],"line":64},"6":{"loc":{"start":{"line":66,"column":42},"end":{"line":66,"column":109}},"type":"binary-expr","locations":[{"start":{"line":66,"column":42},"end":{"line":66,"column":78}},{"start":{"line":66,"column":82},"end":{"line":66,"column":109}}],"line":66},"7":{"loc":{"start":{"line":67,"column":41},"end":{"line":67,"column":107}},"type":"binary-expr","locations":[{"start":{"line":67,"column":41},"end":{"line":67,"column":76}},{"start":{"line":67,"column":80},"end":{"line":67,"column":107}}],"line":67},"8":{"loc":{"start":{"line":87,"column":10},"end":{"line":99,"column":11}},"type":"if","locations":[{"start":{"line":87,"column":10},"end":{"line":99,"column":11}},{"start":{"line":87,"column":10},"end":{"line":99,"column":11}}],"line":87},"9":{"loc":{"start":{"line":91,"column":41},"end":{"line":91,"column":94}},"type":"binary-expr","locations":[{"start":{"line":91,"column":41},"end":{"line":91,"column":63}},{"start":{"line":91,"column":67},"end":{"line":91,"column":94}}],"line":91},"10":{"loc":{"start":{"line":117,"column":6},"end":{"line":117,"column":119}},"type":"binary-expr","locations":[{"start":{"line":117,"column":6},"end":{"line":117,"column":31}},{"start":{"line":117,"column":35},"end":{"line":117,"column":68}},{"start":{"line":117,"column":72},"end":{"line":117,"column":119}}],"line":117},"11":{"loc":{"start":{"line":134,"column":19},"end":{"line":134,"column":71}},"type":"cond-expr","locations":[{"start":{"line":134,"column":47},"end":{"line":134,"column":67}},{"start":{"line":134,"column":70},"end":{"line":134,"column":71}}],"line":134},"12":{"loc":{"start":{"line":135,"column":4},"end":{"line":143,"column":5}},"type":"if","locations":[{"start":{"line":135,"column":4},"end":{"line":143,"column":5}},{"start":{"line":135,"column":4},"end":{"line":143,"column":5}}],"line":135},"13":{"loc":{"start":{"line":137,"column":11},"end":{"line":143,"column":5}},"type":"if","locations":[{"start":{"line":137,"column":11},"end":{"line":143,"column":5}},{"start":{"line":137,"column":11},"end":{"line":143,"column":5}}],"line":137},"14":{"loc":{"start":{"line":137,"column":15},"end":{"line":137,"column":61}},"type":"binary-expr","locations":[{"start":{"line":137,"column":15},"end":{"line":137,"column":43}},{"start":{"line":137,"column":47},"end":{"line":137,"column":61}}],"line":137},"15":{"loc":{"start":{"line":139,"column":11},"end":{"line":143,"column":5}},"type":"if","locations":[{"start":{"line":139,"column":11},"end":{"line":143,"column":5}},{"start":{"line":139,"column":11},"end":{"line":143,"column":5}}],"line":139},"16":{"loc":{"start":{"line":166,"column":43},"end":{"line":166,"column":84}},"type":"cond-expr","locations":[{"start":{"line":166,"column":56},"end":{"line":166,"column":79}},{"start":{"line":166,"column":82},"end":{"line":166,"column":84}}],"line":166},"17":{"loc":{"start":{"line":181,"column":6},"end":{"line":181,"column":51}},"type":"if","locations":[{"start":{"line":181,"column":6},"end":{"line":181,"column":51}},{"start":{"line":181,"column":6},"end":{"line":181,"column":51}}],"line":181},"18":{"loc":{"start":{"line":181,"column":10},"end":{"line":181,"column":39}},"type":"binary-expr","locations":[{"start":{"line":181,"column":10},"end":{"line":181,"column":22}},{"start":{"line":181,"column":26},"end":{"line":181,"column":39}}],"line":181},"19":{"loc":{"start":{"line":182,"column":6},"end":{"line":182,"column":50}},"type":"if","locations":[{"start":{"line":182,"column":6},"end":{"line":182,"column":50}},{"start":{"line":182,"column":6},"end":{"line":182,"column":50}}],"line":182},"20":{"loc":{"start":{"line":182,"column":10},"end":{"line":182,"column":39}},"type":"binary-expr","locations":[{"start":{"line":182,"column":10},"end":{"line":182,"column":23}},{"start":{"line":182,"column":27},"end":{"line":182,"column":39}}],"line":182},"21":{"loc":{"start":{"line":183,"column":6},"end":{"line":183,"column":57}},"type":"if","locations":[{"start":{"line":183,"column":6},"end":{"line":183,"column":57}},{"start":{"line":183,"column":6},"end":{"line":183,"column":57}}],"line":183},"22":{"loc":{"start":{"line":183,"column":10},"end":{"line":183,"column":45}},"type":"binary-expr","locations":[{"start":{"line":183,"column":10},"end":{"line":183,"column":25}},{"start":{"line":183,"column":29},"end":{"line":183,"column":45}}],"line":183},"23":{"loc":{"start":{"line":184,"column":6},"end":{"line":184,"column":56}},"type":"if","locations":[{"start":{"line":184,"column":6},"end":{"line":184,"column":56}},{"start":{"line":184,"column":6},"end":{"line":184,"column":56}}],"line":184},"24":{"loc":{"start":{"line":184,"column":10},"end":{"line":184,"column":45}},"type":"binary-expr","locations":[{"start":{"line":184,"column":10},"end":{"line":184,"column":26}},{"start":{"line":184,"column":30},"end":{"line":184,"column":45}}],"line":184},"25":{"loc":{"start":{"line":204,"column":26},"end":{"line":204,"column":62}},"type":"binary-expr","locations":[{"start":{"line":204,"column":26},"end":{"line":204,"column":44}},{"start":{"line":204,"column":48},"end":{"line":204,"column":62}}],"line":204},"26":{"loc":{"start":{"line":214,"column":6},"end":{"line":236,"column":7}},"type":"if","locations":[{"start":{"line":214,"column":6},"end":{"line":236,"column":7}},{"start":{"line":214,"column":6},"end":{"line":236,"column":7}}],"line":214},"27":{"loc":{"start":{"line":217,"column":24},"end":{"line":217,"column":45}},"type":"binary-expr","locations":[{"start":{"line":217,"column":24},"end":{"line":217,"column":39}},{"start":{"line":217,"column":43},"end":{"line":217,"column":45}}],"line":217},"28":{"loc":{"start":{"line":219,"column":8},"end":{"line":222,"column":9}},"type":"if","locations":[{"start":{"line":219,"column":8},"end":{"line":222,"column":9}},{"start":{"line":219,"column":8},"end":{"line":222,"column":9}}],"line":219},"29":{"loc":{"start":{"line":224,"column":33},"end":{"line":226,"column":28}},"type":"cond-expr","locations":[{"start":{"line":225,"column":12},"end":{"line":225,"column":29}},{"start":{"line":226,"column":12},"end":{"line":226,"column":28}}],"line":224},"30":{"loc":{"start":{"line":227,"column":22},"end":{"line":227,"column":75}},"type":"binary-expr","locations":[{"start":{"line":227,"column":22},"end":{"line":227,"column":40}},{"start":{"line":227,"column":44},"end":{"line":227,"column":75}}],"line":227},"31":{"loc":{"start":{"line":228,"column":8},"end":{"line":230,"column":9}},"type":"if","locations":[{"start":{"line":228,"column":8},"end":{"line":230,"column":9}},{"start":{"line":228,"column":8},"end":{"line":230,"column":9}}],"line":228},"32":{"loc":{"start":{"line":228,"column":12},"end":{"line":228,"column":57}},"type":"binary-expr","locations":[{"start":{"line":228,"column":12},"end":{"line":228,"column":19}},{"start":{"line":228,"column":23},"end":{"line":228,"column":57}}],"line":228},"33":{"loc":{"start":{"line":232,"column":8},"end":{"line":234,"column":9}},"type":"if","locations":[{"start":{"line":232,"column":8},"end":{"line":234,"column":9}},{"start":{"line":232,"column":8},"end":{"line":234,"column":9}}],"line":232},"34":{"loc":{"start":{"line":235,"column":95},"end":{"line":235,"column":140}},"type":"cond-expr","locations":[{"start":{"line":235,"column":105},"end":{"line":235,"column":128}},{"start":{"line":235,"column":131},"end":{"line":235,"column":140}}],"line":235},"35":{"loc":{"start":{"line":245,"column":4},"end":{"line":249,"column":5}},"type":"if","locations":[{"start":{"line":245,"column":4},"end":{"line":249,"column":5}},{"start":{"line":245,"column":4},"end":{"line":249,"column":5}}],"line":245}},"s":{"0":1,"1":1,"2":1,"3":1,"4":1,"5":1,"6":1,"7":1,"8":1,"9":1,"10":1,"11":1,"12":1,"13":3,"14":3,"15":3,"16":3,"17":3,"18":1,"19":2,"20":3,"21":3,"22":3,"23":3,"24":2,"25":2,"26":2,"27":2,"28":2,"29":2,"30":2,"31":2,"32":2,"33":2,"34":2,"35":2,"36":2,"37":2,"38":2,"39":0,"40":2,"41":2,"42":2,"43":2,"44":2,"45":2,"46":3,"47":75,"48":159,"49":159,"50":0,"51":0,"52":0,"53":0,"54":0,"55":0,"56":0,"57":0,"58":0,"59":159,"60":3,"61":3,"62":2,"63":2,"64":2,"65":2,"66":2,"67":2,"68":2,"69":0,"70":2,"71":0,"72":2,"73":0,"74":2,"75":2,"76":2,"77":2,"78":2,"79":2,"80":2,"81":2,"82":2,"83":2,"84":2,"85":2,"86":0,"87":2,"88":2,"89":2,"90":2,"91":0,"92":2,"93":0,"94":2,"95":0,"96":2,"97":0,"98":0,"99":0,"100":0,"101":0,"102":0,"103":0,"104":0,"105":0,"106":2,"107":2,"108":2,"109":2,"110":2,"111":2,"112":2,"113":2,"114":2,"115":2,"116":2,"117":6,"118":4,"119":2,"120":2,"121":2,"122":0,"123":0,"124":2,"125":2,"126":2,"127":2,"128":1,"129":2,"130":2,"131":2,"132":2,"133":2,"134":2,"135":2,"136":1,"137":2,"138":1},"f":{"0":3,"1":3,"2":3,"3":3,"4":2,"5":2,"6":2,"7":2,"8":2,"9":3,"10":75,"11":159,"12":0,"13":3,"14":3,"15":2,"16":2,"17":2,"18":2,"19":2,"20":2,"21":2,"22":2,"23":2,"24":2,"25":0,"26":2,"27":0,"28":0,"29":0,"30":0,"31":2,"32":2,"33":6},"b":{"0":[1,2],"1":[2,0,0],"2":[2,0],"3":[0,2],"4":[2,0],"5":[2,0],"6":[2,2],"7":[2,2],"8":[0,159],"9":[0,0],"10":[2,2,2],"11":[0,2],"12":[0,2],"13":[0,2],"14":[2,0],"15":[0,2],"16":[0,2],"17":[0,0],"18":[0,0],"19":[0,0],"20":[0,0],"21":[0,0],"22":[0,0],"23":[0,0],"24":[0,0],"25":[2,2],"26":[4,2],"27":[2,0],"28":[0,2],"29":[0,2],"30":[2,2],"31":[1,1],"32":[2,1],"33":[2,0],"34":[1,1],"35":[1,1]},"_coverageSchema":"43e27e138ebf9cfc5966b082cf9a028302ed4184","hash":"1099afee27d498108ff0a710b05619ce7bb1d745"}
,"/Users/jiayali/Desktop/webpack-plugin/webpack-build-log-plugin/src/utils.js": {"path":"/Users/jiayali/Desktop/webpack-plugin/webpack-build-log-plugin/src/utils.js","statementMap":{"0":{"start":{"line":1,"column":0},"end":{"line":14,"column":2}},"1":{"start":{"line":2,"column":13},"end":{"line":2,"column":26}},"2":{"start":{"line":3,"column":21},"end":{"line":3,"column":43}},"3":{"start":{"line":4,"column":13},"end":{"line":4,"column":24}},"4":{"start":{"line":5,"column":2},"end":{"line":12,"column":3}},"5":{"start":{"line":6,"column":4},"end":{"line":11,"column":7}},"6":{"start":{"line":7,"column":35},"end":{"line":7,"column":42}},"7":{"start":{"line":8,"column":6},"end":{"line":10,"column":7}},"8":{"start":{"line":9,"column":8},"end":{"line":9,"column":31}},"9":{"start":{"line":13,"column":2},"end":{"line":13,"column":14}}},"fnMap":{"0":{"name":"(anonymous_0)","decl":{"start":{"line":1,"column":16},"end":{"line":1,"column":17}},"loc":{"start":{"line":1,"column":28},"end":{"line":14,"column":1}},"line":1},"1":{"name":"(anonymous_1)","decl":{"start":{"line":6,"column":28},"end":{"line":6,"column":29}},"loc":{"start":{"line":6,"column":47},"end":{"line":11,"column":5}},"line":6}},"branchMap":{"0":{"loc":{"start":{"line":8,"column":6},"end":{"line":10,"column":7}},"type":"if","locations":[{"start":{"line":8,"column":6},"end":{"line":10,"column":7}},{"start":{"line":8,"column":6},"end":{"line":10,"column":7}}],"line":8},"1":{"loc":{"start":{"line":8,"column":10},"end":{"line":8,"column":49}},"type":"binary-expr","locations":[{"start":{"line":8,"column":10},"end":{"line":8,"column":27}},{"start":{"line":8,"column":31},"end":{"line":8,"column":49}}],"line":8}},"s":{"0":1,"1":1,"2":1,"3":1,"4":1,"5":4,"6":7,"7":7,"8":1,"9":1},"f":{"0":1,"1":7},"b":{"0":[1,6],"1":[7,2]},"_coverageSchema":"43e27e138ebf9cfc5966b082cf9a028302ed4184","hash":"7e88ceb811ae31a9265d878d22054433d678391a"}
}
