{"/Users/jiayali/Desktop/webpack-plugin/webpack-build-log-plugin/src/index.js": {"path":"/Users/jiayali/Desktop/webpack-plugin/webpack-build-log-plugin/src/index.js","statementMap":{"0":{"start":{"line":1,"column":11},"end":{"line":1,"column":24}},"1":{"start":{"line":2,"column":13},"end":{"line":2,"column":28}},"2":{"start":{"line":3,"column":14},"end":{"line":3,"column":30}},"3":{"start":{"line":4,"column":12},"end":{"line":4,"column":31}},"4":{"start":{"line":5,"column":14},"end":{"line":5,"column":30}},"5":{"start":{"line":6,"column":13},"end":{"line":6,"column":35}},"6":{"start":{"line":7,"column":17},"end":{"line":7,"column":36}},"7":{"start":{"line":8,"column":18},"end":{"line":8,"column":39}},"8":{"start":{"line":9,"column":21},"end":{"line":9,"column":39}},"9":{"start":{"line":10,"column":18},"end":{"line":10,"column":46}},"10":{"start":{"line":11,"column":17},"end":{"line":11,"column":42}},"11":{"start":{"line":12,"column":18},"end":{"line":12,"column":36}},"12":{"start":{"line":14,"column":34},"end":{"line":14,"column":44}},"13":{"start":{"line":15,"column":33},"end":{"line":15,"column":44}},"14":{"start":{"line":19,"column":4},"end":{"line":19,"column":27}},"15":{"start":{"line":20,"column":4},"end":{"line":20,"column":46}},"16":{"start":{"line":24,"column":4},"end":{"line":24,"column":38}},"17":{"start":{"line":25,"column":4},"end":{"line":25,"column":29}},"18":{"start":{"line":27,"column":4},"end":{"line":29,"column":5}},"19":{"start":{"line":28,"column":6},"end":{"line":28,"column":19}},"20":{"start":{"line":30,"column":4},"end":{"line":30,"column":29}},"21":{"start":{"line":36,"column":4},"end":{"line":36,"column":73}},"22":{"start":{"line":37,"column":4},"end":{"line":41,"column":7}},"23":{"start":{"line":38,"column":23},"end":{"line":38,"column":51}},"24":{"start":{"line":40,"column":6},"end":{"line":40,"column":99}},"25":{"start":{"line":46,"column":21},"end":{"line":46,"column":49}},"26":{"start":{"line":47,"column":4},"end":{"line":80,"column":7}},"27":{"start":{"line":48,"column":6},"end":{"line":79,"column":9}},"28":{"start":{"line":49,"column":8},"end":{"line":49,"column":35}},"29":{"start":{"line":50,"column":8},"end":{"line":50,"column":87}},"30":{"start":{"line":51,"column":8},"end":{"line":78,"column":11}},"31":{"start":{"line":52,"column":24},"end":{"line":52,"column":26}},"32":{"start":{"line":53,"column":10},"end":{"line":53,"column":48}},"33":{"start":{"line":54,"column":23},"end":{"line":54,"column":43}},"34":{"start":{"line":56,"column":26},"end":{"line":56,"column":146}},"35":{"start":{"line":57,"column":10},"end":{"line":57,"column":38}},"36":{"start":{"line":58,"column":19},"end":{"line":58,"column":62}},"37":{"start":{"line":59,"column":10},"end":{"line":59,"column":83}},"38":{"start":{"line":60,"column":10},"end":{"line":77,"column":13}},"39":{"start":{"line":61,"column":12},"end":{"line":63,"column":13}},"40":{"start":{"line":62,"column":14},"end":{"line":62,"column":24}},"41":{"start":{"line":64,"column":12},"end":{"line":64,"column":30}},"42":{"start":{"line":65,"column":12},"end":{"line":65,"column":179}},"43":{"start":{"line":66,"column":12},"end":{"line":66,"column":30}},"44":{"start":{"line":67,"column":12},"end":{"line":67,"column":110}},"45":{"start":{"line":68,"column":12},"end":{"line":68,"column":108}},"46":{"start":{"line":69,"column":12},"end":{"line":76,"column":14}},"47":{"start":{"line":84,"column":4},"end":{"line":104,"column":7}},"48":{"start":{"line":85,"column":6},"end":{"line":103,"column":9}},"49":{"start":{"line":87,"column":29},"end":{"line":87,"column":55}},"50":{"start":{"line":88,"column":10},"end":{"line":100,"column":11}},"51":{"start":{"line":89,"column":12},"end":{"line":99,"column":18}},"52":{"start":{"line":91,"column":37},"end":{"line":91,"column":78}},"53":{"start":{"line":92,"column":41},"end":{"line":92,"column":94}},"54":{"start":{"line":93,"column":16},"end":{"line":93,"column":119}},"55":{"start":{"line":94,"column":16},"end":{"line":94,"column":176}},"56":{"start":{"line":95,"column":16},"end":{"line":95,"column":101}},"57":{"start":{"line":96,"column":16},"end":{"line":96,"column":101}},"58":{"start":{"line":97,"column":16},"end":{"line":97,"column":101}},"59":{"start":{"line":98,"column":16},"end":{"line":98,"column":94}},"60":{"start":{"line":101,"column":10},"end":{"line":101,"column":25}},"61":{"start":{"line":108,"column":4},"end":{"line":124,"column":7}},"62":{"start":{"line":109,"column":6},"end":{"line":123,"column":9}},"63":{"start":{"line":111,"column":8},"end":{"line":118,"column":9}},"64":{"start":{"line":112,"column":10},"end":{"line":117,"column":17}},"65":{"start":{"line":113,"column":27},"end":{"line":113,"column":52}},"66":{"start":{"line":114,"column":22},"end":{"line":114,"column":68}},"67":{"start":{"line":115,"column":12},"end":{"line":115,"column":43}},"68":{"start":{"line":116,"column":12},"end":{"line":116,"column":24}},"69":{"start":{"line":119,"column":8},"end":{"line":122,"column":11}},"70":{"start":{"line":128,"column":4},"end":{"line":130,"column":6}},"71":{"start":{"line":134,"column":4},"end":{"line":140,"column":8}},"72":{"start":{"line":139,"column":35},"end":{"line":139,"column":42}},"73":{"start":{"line":144,"column":26},"end":{"line":144,"column":35}},"74":{"start":{"line":145,"column":21},"end":{"line":145,"column":47}},"75":{"start":{"line":146,"column":19},"end":{"line":146,"column":71}},"76":{"start":{"line":147,"column":4},"end":{"line":155,"column":5}},"77":{"start":{"line":148,"column":6},"end":{"line":148,"column":39}},"78":{"start":{"line":149,"column":11},"end":{"line":155,"column":5}},"79":{"start":{"line":150,"column":6},"end":{"line":150,"column":42}},"80":{"start":{"line":151,"column":11},"end":{"line":155,"column":5}},"81":{"start":{"line":152,"column":6},"end":{"line":152,"column":35}},"82":{"start":{"line":154,"column":6},"end":{"line":154,"column":16}},"83":{"start":{"line":158,"column":4},"end":{"line":158,"column":53}},"84":{"start":{"line":161,"column":17},"end":{"line":182,"column":54}},"85":{"start":{"line":163,"column":8},"end":{"line":180,"column":12}},"86":{"start":{"line":165,"column":34},"end":{"line":165,"column":63}},"87":{"start":{"line":167,"column":31},"end":{"line":167,"column":75}},"88":{"start":{"line":168,"column":23},"end":{"line":168,"column":45}},"89":{"start":{"line":169,"column":31},"end":{"line":169,"column":79}},"90":{"start":{"line":170,"column":29},"end":{"line":170,"column":72}},"91":{"start":{"line":171,"column":12},"end":{"line":179,"column":14}},"92":{"start":{"line":182,"column":31},"end":{"line":182,"column":49}},"93":{"start":{"line":183,"column":4},"end":{"line":183,"column":43}},"94":{"start":{"line":183,"column":26},"end":{"line":183,"column":41}},"95":{"start":{"line":184,"column":33},"end":{"line":187,"column":5}},"96":{"start":{"line":186,"column":22},"end":{"line":186,"column":51}},"97":{"start":{"line":188,"column":33},"end":{"line":188,"column":38}},"98":{"start":{"line":189,"column":17},"end":{"line":189,"column":41}},"99":{"start":{"line":189,"column":24},"end":{"line":189,"column":41}},"100":{"start":{"line":190,"column":18},"end":{"line":190,"column":43}},"101":{"start":{"line":190,"column":25},"end":{"line":190,"column":43}},"102":{"start":{"line":191,"column":20},"end":{"line":191,"column":49}},"103":{"start":{"line":191,"column":27},"end":{"line":191,"column":49}},"104":{"start":{"line":192,"column":4},"end":{"line":198,"column":7}},"105":{"start":{"line":193,"column":6},"end":{"line":193,"column":51}},"106":{"start":{"line":193,"column":41},"end":{"line":193,"column":51}},"107":{"start":{"line":194,"column":6},"end":{"line":194,"column":50}},"108":{"start":{"line":194,"column":41},"end":{"line":194,"column":50}},"109":{"start":{"line":195,"column":6},"end":{"line":195,"column":57}},"110":{"start":{"line":195,"column":47},"end":{"line":195,"column":57}},"111":{"start":{"line":196,"column":6},"end":{"line":196,"column":56}},"112":{"start":{"line":196,"column":47},"end":{"line":196,"column":56}},"113":{"start":{"line":197,"column":6},"end":{"line":197,"column":29}},"114":{"start":{"line":199,"column":21},"end":{"line":199,"column":85}},"115":{"start":{"line":199,"column":55},"end":{"line":199,"column":80}},"116":{"start":{"line":200,"column":4},"end":{"line":200,"column":44}},"117":{"start":{"line":201,"column":4},"end":{"line":201,"column":52}},"118":{"start":{"line":202,"column":4},"end":{"line":206,"column":6}},"119":{"start":{"line":216,"column":26},"end":{"line":216,"column":62}},"120":{"start":{"line":217,"column":18},"end":{"line":217,"column":20}},"121":{"start":{"line":218,"column":15},"end":{"line":218,"column":35}},"122":{"start":{"line":219,"column":16},"end":{"line":219,"column":37}},"123":{"start":{"line":224,"column":8},"end":{"line":224,"column":62}},"124":{"start":{"line":225,"column":4},"end":{"line":249,"column":7}},"125":{"start":{"line":226,"column":6},"end":{"line":248,"column":7}},"126":{"start":{"line":227,"column":8},"end":{"line":227,"column":49}},"127":{"start":{"line":229,"column":24},"end":{"line":229,"column":45}},"128":{"start":{"line":230,"column":25},"end":{"line":230,"column":52}},"129":{"start":{"line":231,"column":8},"end":{"line":234,"column":9}},"130":{"start":{"line":232,"column":29},"end":{"line":232,"column":76}},"131":{"start":{"line":233,"column":10},"end":{"line":233,"column":36}},"132":{"start":{"line":235,"column":27},"end":{"line":235,"column":60}},"133":{"start":{"line":236,"column":33},"end":{"line":238,"column":28}},"134":{"start":{"line":239,"column":22},"end":{"line":239,"column":75}},"135":{"start":{"line":240,"column":8},"end":{"line":242,"column":9}},"136":{"start":{"line":241,"column":10},"end":{"line":241,"column":40}},"137":{"start":{"line":243,"column":20},"end":{"line":243,"column":42}},"138":{"start":{"line":244,"column":8},"end":{"line":246,"column":9}},"139":{"start":{"line":245,"column":10},"end":{"line":245,"column":57}},"140":{"start":{"line":247,"column":8},"end":{"line":247,"column":149}},"141":{"start":{"line":250,"column":4},"end":{"line":250,"column":108}},"142":{"start":{"line":251,"column":4},"end":{"line":256,"column":6}},"143":{"start":{"line":257,"column":4},"end":{"line":262,"column":5}},"144":{"start":{"line":258,"column":6},"end":{"line":258,"column":20}},"145":{"start":{"line":259,"column":6},"end":{"line":261,"column":8}},"146":{"start":{"line":263,"column":4},"end":{"line":263,"column":30}},"147":{"start":{"line":267,"column":0},"end":{"line":267,"column":39}}},"fnMap":{"0":{"name":"(anonymous_0)","decl":{"start":{"line":18,"column":2},"end":{"line":18,"column":3}},"loc":{"start":{"line":18,"column":24},"end":{"line":21,"column":3}},"line":18},"1":{"name":"(anonymous_1)","decl":{"start":{"line":23,"column":2},"end":{"line":23,"column":3}},"loc":{"start":{"line":23,"column":19},"end":{"line":31,"column":3}},"line":23},"2":{"name":"(anonymous_2)","decl":{"start":{"line":34,"column":2},"end":{"line":34,"column":3}},"loc":{"start":{"line":34,"column":23},"end":{"line":42,"column":3}},"line":34},"3":{"name":"(anonymous_3)","decl":{"start":{"line":37,"column":52},"end":{"line":37,"column":53}},"loc":{"start":{"line":37,"column":58},"end":{"line":41,"column":5}},"line":37},"4":{"name":"(anonymous_4)","decl":{"start":{"line":45,"column":2},"end":{"line":45,"column":3}},"loc":{"start":{"line":45,"column":23},"end":{"line":81,"column":3}},"line":45},"5":{"name":"(anonymous_5)","decl":{"start":{"line":47,"column":71},"end":{"line":47,"column":72}},"loc":{"start":{"line":47,"column":96},"end":{"line":80,"column":5}},"line":47},"6":{"name":"(anonymous_6)","decl":{"start":{"line":48,"column":31},"end":{"line":48,"column":32}},"loc":{"start":{"line":48,"column":54},"end":{"line":79,"column":7}},"line":48},"7":{"name":"(anonymous_7)","decl":{"start":{"line":51,"column":49},"end":{"line":51,"column":50}},"loc":{"start":{"line":51,"column":70},"end":{"line":78,"column":9}},"line":51},"8":{"name":"(anonymous_8)","decl":{"start":{"line":60,"column":35},"end":{"line":60,"column":36}},"loc":{"start":{"line":60,"column":44},"end":{"line":77,"column":11}},"line":60},"9":{"name":"(anonymous_9)","decl":{"start":{"line":83,"column":2},"end":{"line":83,"column":3}},"loc":{"start":{"line":83,"column":32},"end":{"line":105,"column":3}},"line":83},"10":{"name":"(anonymous_10)","decl":{"start":{"line":84,"column":40},"end":{"line":84,"column":41}},"loc":{"start":{"line":84,"column":57},"end":{"line":104,"column":5}},"line":84},"11":{"name":"(anonymous_11)","decl":{"start":{"line":86,"column":18},"end":{"line":86,"column":19}},"loc":{"start":{"line":86,"column":31},"end":{"line":102,"column":9}},"line":86},"12":{"name":"(anonymous_12)","decl":{"start":{"line":90,"column":18},"end":{"line":90,"column":19}},"loc":{"start":{"line":90,"column":29},"end":{"line":99,"column":15}},"line":90},"13":{"name":"(anonymous_13)","decl":{"start":{"line":107,"column":2},"end":{"line":107,"column":3}},"loc":{"start":{"line":107,"column":44},"end":{"line":125,"column":3}},"line":107},"14":{"name":"(anonymous_14)","decl":{"start":{"line":108,"column":23},"end":{"line":108,"column":24}},"loc":{"start":{"line":108,"column":34},"end":{"line":124,"column":5}},"line":108},"15":{"name":"(anonymous_15)","decl":{"start":{"line":109,"column":29},"end":{"line":109,"column":30}},"loc":{"start":{"line":109,"column":49},"end":{"line":123,"column":7}},"line":109},"16":{"name":"(anonymous_16)","decl":{"start":{"line":112,"column":61},"end":{"line":112,"column":62}},"loc":{"start":{"line":112,"column":81},"end":{"line":117,"column":11}},"line":112},"17":{"name":"(anonymous_17)","decl":{"start":{"line":127,"column":2},"end":{"line":127,"column":3}},"loc":{"start":{"line":127,"column":23},"end":{"line":131,"column":3}},"line":127},"18":{"name":"(anonymous_18)","decl":{"start":{"line":133,"column":2},"end":{"line":133,"column":3}},"loc":{"start":{"line":133,"column":45},"end":{"line":141,"column":3}},"line":133},"19":{"name":"(anonymous_19)","decl":{"start":{"line":139,"column":8},"end":{"line":139,"column":9}},"loc":{"start":{"line":139,"column":35},"end":{"line":139,"column":42}},"line":139},"20":{"name":"(anonymous_20)","decl":{"start":{"line":143,"column":2},"end":{"line":143,"column":3}},"loc":{"start":{"line":143,"column":49},"end":{"line":156,"column":3}},"line":143},"21":{"name":"(anonymous_21)","decl":{"start":{"line":157,"column":2},"end":{"line":157,"column":3}},"loc":{"start":{"line":157,"column":17},"end":{"line":159,"column":3}},"line":157},"22":{"name":"(anonymous_22)","decl":{"start":{"line":160,"column":2},"end":{"line":160,"column":3}},"loc":{"start":{"line":160,"column":53},"end":{"line":207,"column":3}},"line":160},"23":{"name":"(anonymous_23)","decl":{"start":{"line":162,"column":11},"end":{"line":162,"column":12}},"loc":{"start":{"line":163,"column":8},"end":{"line":180,"column":12}},"line":163},"24":{"name":"(anonymous_24)","decl":{"start":{"line":165,"column":25},"end":{"line":165,"column":26}},"loc":{"start":{"line":165,"column":34},"end":{"line":165,"column":63}},"line":165},"25":{"name":"(anonymous_25)","decl":{"start":{"line":166,"column":15},"end":{"line":166,"column":16}},"loc":{"start":{"line":166,"column":24},"end":{"line":180,"column":11}},"line":166},"26":{"name":"(anonymous_26)","decl":{"start":{"line":182,"column":14},"end":{"line":182,"column":15}},"loc":{"start":{"line":182,"column":31},"end":{"line":182,"column":49}},"line":182},"27":{"name":"(anonymous_27)","decl":{"start":{"line":183,"column":16},"end":{"line":183,"column":17}},"loc":{"start":{"line":183,"column":26},"end":{"line":183,"column":41}},"line":183},"28":{"name":"(anonymous_28)","decl":{"start":{"line":186,"column":17},"end":{"line":186,"column":18}},"loc":{"start":{"line":186,"column":22},"end":{"line":186,"column":51}},"line":186},"29":{"name":"(anonymous_29)","decl":{"start":{"line":189,"column":17},"end":{"line":189,"column":18}},"loc":{"start":{"line":189,"column":24},"end":{"line":189,"column":41}},"line":189},"30":{"name":"(anonymous_30)","decl":{"start":{"line":190,"column":18},"end":{"line":190,"column":19}},"loc":{"start":{"line":190,"column":25},"end":{"line":190,"column":43}},"line":190},"31":{"name":"(anonymous_31)","decl":{"start":{"line":191,"column":20},"end":{"line":191,"column":21}},"loc":{"start":{"line":191,"column":27},"end":{"line":191,"column":49}},"line":191},"32":{"name":"(anonymous_32)","decl":{"start":{"line":192,"column":16},"end":{"line":192,"column":17}},"loc":{"start":{"line":192,"column":26},"end":{"line":198,"column":5}},"line":192},"33":{"name":"(anonymous_33)","decl":{"start":{"line":199,"column":38},"end":{"line":199,"column":39}},"loc":{"start":{"line":199,"column":55},"end":{"line":199,"column":80}},"line":199},"34":{"name":"(anonymous_34)","decl":{"start":{"line":208,"column":2},"end":{"line":208,"column":3}},"loc":{"start":{"line":215,"column":4},"end":{"line":264,"column":3}},"line":215},"35":{"name":"(anonymous_35)","decl":{"start":{"line":225,"column":19},"end":{"line":225,"column":20}},"loc":{"start":{"line":225,"column":28},"end":{"line":249,"column":5}},"line":225}},"branchMap":{"0":{"loc":{"start":{"line":27,"column":4},"end":{"line":29,"column":5}},"type":"if","locations":[{"start":{"line":27,"column":4},"end":{"line":29,"column":5}},{"start":{"line":27,"column":4},"end":{"line":29,"column":5}}],"line":27},"1":{"loc":{"start":{"line":56,"column":29},"end":{"line":56,"column":92}},"type":"binary-expr","locations":[{"start":{"line":56,"column":29},"end":{"line":56,"column":46}},{"start":{"line":56,"column":50},"end":{"line":56,"column":83}},{"start":{"line":56,"column":87},"end":{"line":56,"column":92}}],"line":56},"2":{"loc":{"start":{"line":56,"column":96},"end":{"line":56,"column":144}},"type":"binary-expr","locations":[{"start":{"line":56,"column":96},"end":{"line":56,"column":117}},{"start":{"line":56,"column":121},"end":{"line":56,"column":144}}],"line":56},"3":{"loc":{"start":{"line":61,"column":12},"end":{"line":63,"column":13}},"type":"if","locations":[{"start":{"line":61,"column":12},"end":{"line":63,"column":13}},{"start":{"line":61,"column":12},"end":{"line":63,"column":13}}],"line":61},"4":{"loc":{"start":{"line":65,"column":68},"end":{"line":65,"column":122}},"type":"binary-expr","locations":[{"start":{"line":65,"column":68},"end":{"line":65,"column":85}},{"start":{"line":65,"column":89},"end":{"line":65,"column":122}}],"line":65},"5":{"loc":{"start":{"line":65,"column":126},"end":{"line":65,"column":174}},"type":"binary-expr","locations":[{"start":{"line":65,"column":126},"end":{"line":65,"column":147}},{"start":{"line":65,"column":151},"end":{"line":65,"column":174}}],"line":65},"6":{"loc":{"start":{"line":67,"column":42},"end":{"line":67,"column":109}},"type":"binary-expr","locations":[{"start":{"line":67,"column":42},"end":{"line":67,"column":78}},{"start":{"line":67,"column":82},"end":{"line":67,"column":109}}],"line":67},"7":{"loc":{"start":{"line":68,"column":41},"end":{"line":68,"column":107}},"type":"binary-expr","locations":[{"start":{"line":68,"column":41},"end":{"line":68,"column":76}},{"start":{"line":68,"column":80},"end":{"line":68,"column":107}}],"line":68},"8":{"loc":{"start":{"line":88,"column":10},"end":{"line":100,"column":11}},"type":"if","locations":[{"start":{"line":88,"column":10},"end":{"line":100,"column":11}},{"start":{"line":88,"column":10},"end":{"line":100,"column":11}}],"line":88},"9":{"loc":{"start":{"line":92,"column":41},"end":{"line":92,"column":94}},"type":"binary-expr","locations":[{"start":{"line":92,"column":41},"end":{"line":92,"column":63}},{"start":{"line":92,"column":67},"end":{"line":92,"column":94}}],"line":92},"10":{"loc":{"start":{"line":111,"column":8},"end":{"line":118,"column":9}},"type":"if","locations":[{"start":{"line":111,"column":8},"end":{"line":118,"column":9}},{"start":{"line":111,"column":8},"end":{"line":118,"column":9}}],"line":111},"11":{"loc":{"start":{"line":111,"column":12},"end":{"line":111,"column":29}},"type":"binary-expr","locations":[{"start":{"line":111,"column":12},"end":{"line":111,"column":16}},{"start":{"line":111,"column":20},"end":{"line":111,"column":29}}],"line":111},"12":{"loc":{"start":{"line":121,"column":17},"end":{"line":121,"column":28}},"type":"binary-expr","locations":[{"start":{"line":121,"column":17},"end":{"line":121,"column":22}},{"start":{"line":121,"column":26},"end":{"line":121,"column":28}}],"line":121},"13":{"loc":{"start":{"line":129,"column":6},"end":{"line":129,"column":119}},"type":"binary-expr","locations":[{"start":{"line":129,"column":6},"end":{"line":129,"column":31}},{"start":{"line":129,"column":35},"end":{"line":129,"column":68}},{"start":{"line":129,"column":72},"end":{"line":129,"column":119}}],"line":129},"14":{"loc":{"start":{"line":146,"column":19},"end":{"line":146,"column":71}},"type":"cond-expr","locations":[{"start":{"line":146,"column":47},"end":{"line":146,"column":67}},{"start":{"line":146,"column":70},"end":{"line":146,"column":71}}],"line":146},"15":{"loc":{"start":{"line":147,"column":4},"end":{"line":155,"column":5}},"type":"if","locations":[{"start":{"line":147,"column":4},"end":{"line":155,"column":5}},{"start":{"line":147,"column":4},"end":{"line":155,"column":5}}],"line":147},"16":{"loc":{"start":{"line":149,"column":11},"end":{"line":155,"column":5}},"type":"if","locations":[{"start":{"line":149,"column":11},"end":{"line":155,"column":5}},{"start":{"line":149,"column":11},"end":{"line":155,"column":5}}],"line":149},"17":{"loc":{"start":{"line":149,"column":15},"end":{"line":149,"column":61}},"type":"binary-expr","locations":[{"start":{"line":149,"column":15},"end":{"line":149,"column":43}},{"start":{"line":149,"column":47},"end":{"line":149,"column":61}}],"line":149},"18":{"loc":{"start":{"line":151,"column":11},"end":{"line":155,"column":5}},"type":"if","locations":[{"start":{"line":151,"column":11},"end":{"line":155,"column":5}},{"start":{"line":151,"column":11},"end":{"line":155,"column":5}}],"line":151},"19":{"loc":{"start":{"line":178,"column":43},"end":{"line":178,"column":84}},"type":"cond-expr","locations":[{"start":{"line":178,"column":56},"end":{"line":178,"column":79}},{"start":{"line":178,"column":82},"end":{"line":178,"column":84}}],"line":178},"20":{"loc":{"start":{"line":193,"column":6},"end":{"line":193,"column":51}},"type":"if","locations":[{"start":{"line":193,"column":6},"end":{"line":193,"column":51}},{"start":{"line":193,"column":6},"end":{"line":193,"column":51}}],"line":193},"21":{"loc":{"start":{"line":193,"column":10},"end":{"line":193,"column":39}},"type":"binary-expr","locations":[{"start":{"line":193,"column":10},"end":{"line":193,"column":22}},{"start":{"line":193,"column":26},"end":{"line":193,"column":39}}],"line":193},"22":{"loc":{"start":{"line":194,"column":6},"end":{"line":194,"column":50}},"type":"if","locations":[{"start":{"line":194,"column":6},"end":{"line":194,"column":50}},{"start":{"line":194,"column":6},"end":{"line":194,"column":50}}],"line":194},"23":{"loc":{"start":{"line":194,"column":10},"end":{"line":194,"column":39}},"type":"binary-expr","locations":[{"start":{"line":194,"column":10},"end":{"line":194,"column":23}},{"start":{"line":194,"column":27},"end":{"line":194,"column":39}}],"line":194},"24":{"loc":{"start":{"line":195,"column":6},"end":{"line":195,"column":57}},"type":"if","locations":[{"start":{"line":195,"column":6},"end":{"line":195,"column":57}},{"start":{"line":195,"column":6},"end":{"line":195,"column":57}}],"line":195},"25":{"loc":{"start":{"line":195,"column":10},"end":{"line":195,"column":45}},"type":"binary-expr","locations":[{"start":{"line":195,"column":10},"end":{"line":195,"column":25}},{"start":{"line":195,"column":29},"end":{"line":195,"column":45}}],"line":195},"26":{"loc":{"start":{"line":196,"column":6},"end":{"line":196,"column":56}},"type":"if","locations":[{"start":{"line":196,"column":6},"end":{"line":196,"column":56}},{"start":{"line":196,"column":6},"end":{"line":196,"column":56}}],"line":196},"27":{"loc":{"start":{"line":196,"column":10},"end":{"line":196,"column":45}},"type":"binary-expr","locations":[{"start":{"line":196,"column":10},"end":{"line":196,"column":26}},{"start":{"line":196,"column":30},"end":{"line":196,"column":45}}],"line":196},"28":{"loc":{"start":{"line":216,"column":26},"end":{"line":216,"column":62}},"type":"binary-expr","locations":[{"start":{"line":216,"column":26},"end":{"line":216,"column":44}},{"start":{"line":216,"column":48},"end":{"line":216,"column":62}}],"line":216},"29":{"loc":{"start":{"line":226,"column":6},"end":{"line":248,"column":7}},"type":"if","locations":[{"start":{"line":226,"column":6},"end":{"line":248,"column":7}},{"start":{"line":226,"column":6},"end":{"line":248,"column":7}}],"line":226},"30":{"loc":{"start":{"line":229,"column":24},"end":{"line":229,"column":45}},"type":"binary-expr","locations":[{"start":{"line":229,"column":24},"end":{"line":229,"column":39}},{"start":{"line":229,"column":43},"end":{"line":229,"column":45}}],"line":229},"31":{"loc":{"start":{"line":231,"column":8},"end":{"line":234,"column":9}},"type":"if","locations":[{"start":{"line":231,"column":8},"end":{"line":234,"column":9}},{"start":{"line":231,"column":8},"end":{"line":234,"column":9}}],"line":231},"32":{"loc":{"start":{"line":236,"column":33},"end":{"line":238,"column":28}},"type":"cond-expr","locations":[{"start":{"line":237,"column":12},"end":{"line":237,"column":29}},{"start":{"line":238,"column":12},"end":{"line":238,"column":28}}],"line":236},"33":{"loc":{"start":{"line":239,"column":22},"end":{"line":239,"column":75}},"type":"binary-expr","locations":[{"start":{"line":239,"column":22},"end":{"line":239,"column":40}},{"start":{"line":239,"column":44},"end":{"line":239,"column":75}}],"line":239},"34":{"loc":{"start":{"line":240,"column":8},"end":{"line":242,"column":9}},"type":"if","locations":[{"start":{"line":240,"column":8},"end":{"line":242,"column":9}},{"start":{"line":240,"column":8},"end":{"line":242,"column":9}}],"line":240},"35":{"loc":{"start":{"line":240,"column":12},"end":{"line":240,"column":57}},"type":"binary-expr","locations":[{"start":{"line":240,"column":12},"end":{"line":240,"column":19}},{"start":{"line":240,"column":23},"end":{"line":240,"column":57}}],"line":240},"36":{"loc":{"start":{"line":244,"column":8},"end":{"line":246,"column":9}},"type":"if","locations":[{"start":{"line":244,"column":8},"end":{"line":246,"column":9}},{"start":{"line":244,"column":8},"end":{"line":246,"column":9}}],"line":244},"37":{"loc":{"start":{"line":247,"column":95},"end":{"line":247,"column":140}},"type":"cond-expr","locations":[{"start":{"line":247,"column":105},"end":{"line":247,"column":128}},{"start":{"line":247,"column":131},"end":{"line":247,"column":140}}],"line":247},"38":{"loc":{"start":{"line":257,"column":4},"end":{"line":262,"column":5}},"type":"if","locations":[{"start":{"line":257,"column":4},"end":{"line":262,"column":5}},{"start":{"line":257,"column":4},"end":{"line":262,"column":5}}],"line":257}},"s":{"0":1,"1":1,"2":1,"3":1,"4":1,"5":1,"6":1,"7":1,"8":1,"9":1,"10":1,"11":1,"12":1,"13":1,"14":2,"15":2,"16":2,"17":2,"18":2,"19":1,"20":1,"21":2,"22":2,"23":2,"24":2,"25":1,"26":1,"27":1,"28":1,"29":1,"30":1,"31":1,"32":1,"33":1,"34":1,"35":1,"36":1,"37":1,"38":1,"39":1,"40":0,"41":1,"42":1,"43":1,"44":1,"45":1,"46":1,"47":2,"48":50,"49":104,"50":104,"51":0,"52":0,"53":0,"54":0,"55":0,"56":0,"57":0,"58":0,"59":0,"60":104,"61":2,"62":2,"63":2,"64":0,"65":0,"66":0,"67":0,"68":0,"69":2,"70":1,"71":1,"72":1,"73":1,"74":1,"75":1,"76":1,"77":0,"78":1,"79":0,"80":1,"81":0,"82":1,"83":1,"84":1,"85":1,"86":1,"87":1,"88":1,"89":1,"90":1,"91":1,"92":1,"93":1,"94":0,"95":1,"96":1,"97":1,"98":1,"99":0,"100":1,"101":0,"102":1,"103":0,"104":1,"105":0,"106":0,"107":0,"108":0,"109":0,"110":0,"111":0,"112":0,"113":0,"114":1,"115":1,"116":1,"117":1,"118":1,"119":1,"120":1,"121":1,"122":1,"123":1,"124":1,"125":3,"126":2,"127":1,"128":1,"129":1,"130":0,"131":0,"132":1,"133":1,"134":1,"135":1,"136":0,"137":1,"138":1,"139":1,"140":1,"141":1,"142":1,"143":1,"144":0,"145":0,"146":1,"147":1},"f":{"0":2,"1":2,"2":2,"3":2,"4":1,"5":1,"6":1,"7":1,"8":1,"9":2,"10":50,"11":104,"12":0,"13":2,"14":2,"15":2,"16":0,"17":1,"18":1,"19":1,"20":1,"21":1,"22":1,"23":1,"24":1,"25":1,"26":1,"27":0,"28":1,"29":0,"30":0,"31":0,"32":0,"33":1,"34":1,"35":3},"b":{"0":[1,1],"1":[1,0,0],"2":[1,0],"3":[0,1],"4":[1,0],"5":[1,0],"6":[1,1],"7":[1,1],"8":[0,104],"9":[0,0],"10":[0,2],"11":[2,0],"12":[2,2],"13":[1,1,1],"14":[0,1],"15":[0,1],"16":[0,1],"17":[1,0],"18":[0,1],"19":[0,1],"20":[0,0],"21":[0,0],"22":[0,0],"23":[0,0],"24":[0,0],"25":[0,0],"26":[0,0],"27":[0,0],"28":[1,1],"29":[2,1],"30":[1,0],"31":[0,1],"32":[0,1],"33":[1,1],"34":[0,1],"35":[1,0],"36":[1,0],"37":[0,1],"38":[0,1]},"_coverageSchema":"43e27e138ebf9cfc5966b082cf9a028302ed4184","hash":"f77e1579e7c9bde0d055e4b80022022e74c48b6f"}
,"/Users/jiayali/Desktop/webpack-plugin/webpack-build-log-plugin/src/utils.js": {"path":"/Users/jiayali/Desktop/webpack-plugin/webpack-build-log-plugin/src/utils.js","statementMap":{"0":{"start":{"line":1,"column":0},"end":{"line":14,"column":2}},"1":{"start":{"line":2,"column":13},"end":{"line":2,"column":26}},"2":{"start":{"line":3,"column":21},"end":{"line":3,"column":43}},"3":{"start":{"line":4,"column":13},"end":{"line":4,"column":24}},"4":{"start":{"line":5,"column":2},"end":{"line":12,"column":3}},"5":{"start":{"line":6,"column":4},"end":{"line":11,"column":7}},"6":{"start":{"line":7,"column":35},"end":{"line":7,"column":42}},"7":{"start":{"line":8,"column":6},"end":{"line":10,"column":7}},"8":{"start":{"line":9,"column":8},"end":{"line":9,"column":31}},"9":{"start":{"line":13,"column":2},"end":{"line":13,"column":14}}},"fnMap":{"0":{"name":"(anonymous_0)","decl":{"start":{"line":1,"column":16},"end":{"line":1,"column":17}},"loc":{"start":{"line":1,"column":28},"end":{"line":14,"column":1}},"line":1},"1":{"name":"(anonymous_1)","decl":{"start":{"line":6,"column":28},"end":{"line":6,"column":29}},"loc":{"start":{"line":6,"column":47},"end":{"line":11,"column":5}},"line":6}},"branchMap":{"0":{"loc":{"start":{"line":8,"column":6},"end":{"line":10,"column":7}},"type":"if","locations":[{"start":{"line":8,"column":6},"end":{"line":10,"column":7}},{"start":{"line":8,"column":6},"end":{"line":10,"column":7}}],"line":8},"1":{"loc":{"start":{"line":8,"column":10},"end":{"line":8,"column":49}},"type":"binary-expr","locations":[{"start":{"line":8,"column":10},"end":{"line":8,"column":27}},{"start":{"line":8,"column":31},"end":{"line":8,"column":49}}],"line":8}},"s":{"0":1,"1":1,"2":1,"3":1,"4":1,"5":4,"6":7,"7":7,"8":1,"9":1},"f":{"0":1,"1":7},"b":{"0":[1,6],"1":[7,2]},"_coverageSchema":"43e27e138ebf9cfc5966b082cf9a028302ed4184","hash":"7e88ceb811ae31a9265d878d22054433d678391a"}
}
