TN:
SF:/Users/jiayali/Desktop/webpack-plugin/webpack-build-log-plugin/src/index.js
FN:18,(anonymous_0)
FN:23,(anonymous_1)
FN:34,(anonymous_2)
FN:37,(anonymous_3)
FN:45,(anonymous_4)
FN:47,(anonymous_5)
FN:48,(anonymous_6)
FN:51,(anonymous_7)
FN:60,(anonymous_8)
FN:83,(anonymous_9)
FN:84,(anonymous_10)
FN:86,(anonymous_11)
FN:90,(anonymous_12)
FN:107,(anonymous_13)
FN:108,(anonymous_14)
FN:109,(anonymous_15)
FN:112,(anonymous_16)
FN:127,(anonymous_17)
FN:133,(anonymous_18)
FN:139,(anonymous_19)
FN:143,(anonymous_20)
FN:157,(anonymous_21)
FN:160,(anonymous_22)
FN:162,(anonymous_23)
FN:165,(anonymous_24)
FN:166,(anonymous_25)
FN:182,(anonymous_26)
FN:183,(anonymous_27)
FN:186,(anonymous_28)
FN:189,(anonymous_29)
FN:190,(anonymous_30)
FN:191,(anonymous_31)
FN:192,(anonymous_32)
FN:199,(anonymous_33)
FN:208,(anonymous_34)
FN:225,(anonymous_35)
FNF:36
FNH:29
FNDA:2,(anonymous_0)
FNDA:2,(anonymous_1)
FNDA:2,(anonymous_2)
FNDA:2,(anonymous_3)
FNDA:1,(anonymous_4)
FNDA:1,(anonymous_5)
FNDA:1,(anonymous_6)
FNDA:1,(anonymous_7)
FNDA:1,(anonymous_8)
FNDA:2,(anonymous_9)
FNDA:50,(anonymous_10)
FNDA:104,(anonymous_11)
FNDA:0,(anonymous_12)
FNDA:2,(anonymous_13)
FNDA:2,(anonymous_14)
FNDA:2,(anonymous_15)
FNDA:0,(anonymous_16)
FNDA:1,(anonymous_17)
FNDA:1,(anonymous_18)
FNDA:1,(anonymous_19)
FNDA:1,(anonymous_20)
FNDA:1,(anonymous_21)
FNDA:1,(anonymous_22)
FNDA:1,(anonymous_23)
FNDA:1,(anonymous_24)
FNDA:1,(anonymous_25)
FNDA:1,(anonymous_26)
FNDA:0,(anonymous_27)
FNDA:1,(anonymous_28)
FNDA:0,(anonymous_29)
FNDA:0,(anonymous_30)
FNDA:0,(anonymous_31)
FNDA:0,(anonymous_32)
FNDA:1,(anonymous_33)
FNDA:1,(anonymous_34)
FNDA:3,(anonymous_35)
DA:1,1
DA:2,1
DA:3,1
DA:4,1
DA:5,1
DA:6,1
DA:7,1
DA:8,1
DA:9,1
DA:10,1
DA:11,1
DA:12,1
DA:14,1
DA:15,1
DA:19,2
DA:20,2
DA:24,2
DA:25,2
DA:27,2
DA:28,1
DA:30,1
DA:36,2
DA:37,2
DA:38,2
DA:40,2
DA:46,1
DA:47,1
DA:48,1
DA:49,1
DA:50,1
DA:51,1
DA:52,1
DA:53,1
DA:54,1
DA:56,1
DA:57,1
DA:58,1
DA:59,1
DA:60,1
DA:61,1
DA:62,0
DA:64,1
DA:65,1
DA:66,1
DA:67,1
DA:68,1
DA:69,1
DA:84,2
DA:85,50
DA:87,104
DA:88,104
DA:89,0
DA:91,0
DA:92,0
DA:93,0
DA:94,0
DA:95,0
DA:96,0
DA:97,0
DA:98,0
DA:101,104
DA:108,2
DA:109,2
DA:111,2
DA:112,0
DA:113,0
DA:114,0
DA:115,0
DA:116,0
DA:119,2
DA:128,1
DA:134,1
DA:139,1
DA:144,1
DA:145,1
DA:146,1
DA:147,1
DA:148,0
DA:149,1
DA:150,0
DA:151,1
DA:152,0
DA:154,1
DA:158,1
DA:161,1
DA:163,1
DA:165,1
DA:167,1
DA:168,1
DA:169,1
DA:170,1
DA:171,1
DA:182,1
DA:183,1
DA:184,1
DA:186,1
DA:188,1
DA:189,1
DA:190,1
DA:191,1
DA:192,1
DA:193,0
DA:194,0
DA:195,0
DA:196,0
DA:197,0
DA:199,1
DA:200,1
DA:201,1
DA:202,1
DA:216,1
DA:217,1
DA:218,1
DA:219,1
DA:224,1
DA:225,1
DA:226,3
DA:227,2
DA:229,1
DA:230,1
DA:231,1
DA:232,0
DA:233,0
DA:235,1
DA:236,1
DA:239,1
DA:240,1
DA:241,0
DA:243,1
DA:244,1
DA:245,1
DA:247,1
DA:250,1
DA:251,1
DA:257,1
DA:258,0
DA:259,0
DA:263,1
DA:267,1
LF:139
LH:111
BRDA:27,0,0,1
BRDA:27,0,1,1
BRDA:56,1,0,1
BRDA:56,1,1,0
BRDA:56,1,2,0
BRDA:56,2,0,1
BRDA:56,2,1,0
BRDA:61,3,0,0
BRDA:61,3,1,1
BRDA:65,4,0,1
BRDA:65,4,1,0
BRDA:65,5,0,1
BRDA:65,5,1,0
BRDA:67,6,0,1
BRDA:67,6,1,1
BRDA:68,7,0,1
BRDA:68,7,1,1
BRDA:88,8,0,0
BRDA:88,8,1,104
BRDA:92,9,0,0
BRDA:92,9,1,0
BRDA:111,10,0,0
BRDA:111,10,1,2
BRDA:111,11,0,2
BRDA:111,11,1,0
BRDA:121,12,0,2
BRDA:121,12,1,2
BRDA:129,13,0,1
BRDA:129,13,1,1
BRDA:129,13,2,1
BRDA:146,14,0,0
BRDA:146,14,1,1
BRDA:147,15,0,0
BRDA:147,15,1,1
BRDA:149,16,0,0
BRDA:149,16,1,1
BRDA:149,17,0,1
BRDA:149,17,1,0
BRDA:151,18,0,0
BRDA:151,18,1,1
BRDA:178,19,0,0
BRDA:178,19,1,1
BRDA:193,20,0,0
BRDA:193,20,1,0
BRDA:193,21,0,0
BRDA:193,21,1,0
BRDA:194,22,0,0
BRDA:194,22,1,0
BRDA:194,23,0,0
BRDA:194,23,1,0
BRDA:195,24,0,0
BRDA:195,24,1,0
BRDA:195,25,0,0
BRDA:195,25,1,0
BRDA:196,26,0,0
BRDA:196,26,1,0
BRDA:196,27,0,0
BRDA:196,27,1,0
BRDA:216,28,0,1
BRDA:216,28,1,1
BRDA:226,29,0,2
BRDA:226,29,1,1
BRDA:229,30,0,1
BRDA:229,30,1,0
BRDA:231,31,0,0
BRDA:231,31,1,1
BRDA:236,32,0,0
BRDA:236,32,1,1
BRDA:239,33,0,1
BRDA:239,33,1,1
BRDA:240,34,0,0
BRDA:240,34,1,1
BRDA:240,35,0,1
BRDA:240,35,1,0
BRDA:244,36,0,1
BRDA:244,36,1,0
BRDA:247,37,0,0
BRDA:247,37,1,1
BRDA:257,38,0,0
BRDA:257,38,1,1
BRF:80
BRH:39
end_of_record
TN:
SF:/Users/jiayali/Desktop/webpack-plugin/webpack-build-log-plugin/src/utils.js
FN:1,(anonymous_0)
FN:6,(anonymous_1)
FNF:2
FNH:2
FNDA:1,(anonymous_0)
FNDA:7,(anonymous_1)
DA:1,1
DA:2,1
DA:3,1
DA:4,1
DA:5,1
DA:6,4
DA:7,7
DA:8,7
DA:9,1
DA:13,1
LF:10
LH:10
BRDA:8,0,0,1
BRDA:8,0,1,6
BRDA:8,1,0,7
BRDA:8,1,1,2
BRF:4
BRH:4
end_of_record
