TN:
SF:/Users/jiayali/Desktop/webpack-plugin/webpack-build-log-plugin/src/index.js
FN:17,(anonymous_0)
FN:22,(anonymous_1)
FN:33,(anonymous_2)
FN:36,(anonymous_3)
FN:44,(anonymous_4)
FN:46,(anonymous_5)
FN:47,(anonymous_6)
FN:50,(anonymous_7)
FN:59,(anonymous_8)
FN:82,(anonymous_9)
FN:83,(anonymous_10)
FN:85,(anonymous_11)
FN:89,(anonymous_12)
FN:106,(anonymous_13)
FN:107,(anonymous_14)
FN:115,(anonymous_15)
FN:121,(anonymous_16)
FN:127,(anonymous_17)
FN:131,(anonymous_18)
FN:145,(anonymous_19)
FN:148,(anonymous_20)
FN:150,(anonymous_21)
FN:153,(anonymous_22)
FN:154,(anonymous_23)
FN:170,(anonymous_24)
FN:171,(anonymous_25)
FN:174,(anonymous_26)
FN:177,(anonymous_27)
FN:178,(anonymous_28)
FN:179,(anonymous_29)
FN:180,(anonymous_30)
FN:187,(anonymous_31)
FN:196,(anonymous_32)
FN:213,(anonymous_33)
FNF:34
FNH:28
FNDA:3,(anonymous_0)
FNDA:3,(anonymous_1)
FNDA:3,(anonymous_2)
FNDA:3,(anonymous_3)
FNDA:2,(anonymous_4)
FNDA:2,(anonymous_5)
FNDA:2,(anonymous_6)
FNDA:2,(anonymous_7)
FNDA:2,(anonymous_8)
FNDA:3,(anonymous_9)
FNDA:75,(anonymous_10)
FNDA:159,(anonymous_11)
FNDA:0,(anonymous_12)
FNDA:3,(anonymous_13)
FNDA:3,(anonymous_14)
FNDA:2,(anonymous_15)
FNDA:2,(anonymous_16)
FNDA:2,(anonymous_17)
FNDA:2,(anonymous_18)
FNDA:2,(anonymous_19)
FNDA:2,(anonymous_20)
FNDA:2,(anonymous_21)
FNDA:2,(anonymous_22)
FNDA:2,(anonymous_23)
FNDA:2,(anonymous_24)
FNDA:0,(anonymous_25)
FNDA:2,(anonymous_26)
FNDA:0,(anonymous_27)
FNDA:0,(anonymous_28)
FNDA:0,(anonymous_29)
FNDA:0,(anonymous_30)
FNDA:2,(anonymous_31)
FNDA:2,(anonymous_32)
FNDA:6,(anonymous_33)
DA:1,1
DA:2,1
DA:3,1
DA:4,1
DA:5,1
DA:6,1
DA:7,1
DA:8,1
DA:9,1
DA:10,1
DA:11,1
DA:13,1
DA:14,1
DA:18,3
DA:19,3
DA:23,3
DA:24,3
DA:26,3
DA:27,1
DA:29,2
DA:35,3
DA:36,3
DA:37,3
DA:39,3
DA:45,2
DA:46,2
DA:47,2
DA:48,2
DA:49,2
DA:50,2
DA:51,2
DA:52,2
DA:53,2
DA:55,2
DA:56,2
DA:57,2
DA:58,2
DA:59,2
DA:60,2
DA:61,0
DA:63,2
DA:64,2
DA:65,2
DA:66,2
DA:67,2
DA:68,2
DA:83,3
DA:84,75
DA:86,159
DA:87,159
DA:88,0
DA:90,0
DA:91,0
DA:92,0
DA:93,0
DA:94,0
DA:95,0
DA:96,0
DA:97,0
DA:100,159
DA:107,3
DA:108,3
DA:116,2
DA:122,2
DA:127,2
DA:132,2
DA:133,2
DA:134,2
DA:135,2
DA:136,0
DA:137,2
DA:138,0
DA:139,2
DA:140,0
DA:142,2
DA:146,2
DA:149,2
DA:151,2
DA:153,2
DA:155,2
DA:156,2
DA:157,2
DA:158,2
DA:159,2
DA:170,2
DA:171,2
DA:172,2
DA:174,2
DA:176,2
DA:177,2
DA:178,2
DA:179,2
DA:180,2
DA:181,0
DA:182,0
DA:183,0
DA:184,0
DA:185,0
DA:187,2
DA:188,2
DA:189,2
DA:190,2
DA:204,2
DA:205,2
DA:206,2
DA:207,2
DA:212,2
DA:213,2
DA:214,6
DA:215,4
DA:217,2
DA:218,2
DA:219,2
DA:220,0
DA:221,0
DA:223,2
DA:224,2
DA:227,2
DA:228,2
DA:229,1
DA:231,2
DA:232,2
DA:233,2
DA:235,2
DA:238,2
DA:239,2
DA:245,2
DA:246,1
DA:250,2
DA:254,1
LF:130
LH:110
BRDA:26,0,0,1
BRDA:26,0,1,2
BRDA:55,1,0,2
BRDA:55,1,1,0
BRDA:55,1,2,0
BRDA:55,2,0,2
BRDA:55,2,1,0
BRDA:60,3,0,0
BRDA:60,3,1,2
BRDA:64,4,0,2
BRDA:64,4,1,0
BRDA:64,5,0,2
BRDA:64,5,1,0
BRDA:66,6,0,2
BRDA:66,6,1,2
BRDA:67,7,0,2
BRDA:67,7,1,2
BRDA:87,8,0,0
BRDA:87,8,1,159
BRDA:91,9,0,0
BRDA:91,9,1,0
BRDA:117,10,0,2
BRDA:117,10,1,2
BRDA:117,10,2,2
BRDA:134,11,0,0
BRDA:134,11,1,2
BRDA:135,12,0,0
BRDA:135,12,1,2
BRDA:137,13,0,0
BRDA:137,13,1,2
BRDA:137,14,0,2
BRDA:137,14,1,0
BRDA:139,15,0,0
BRDA:139,15,1,2
BRDA:166,16,0,0
BRDA:166,16,1,2
BRDA:181,17,0,0
BRDA:181,17,1,0
BRDA:181,18,0,0
BRDA:181,18,1,0
BRDA:182,19,0,0
BRDA:182,19,1,0
BRDA:182,20,0,0
BRDA:182,20,1,0
BRDA:183,21,0,0
BRDA:183,21,1,0
BRDA:183,22,0,0
BRDA:183,22,1,0
BRDA:184,23,0,0
BRDA:184,23,1,0
BRDA:184,24,0,0
BRDA:184,24,1,0
BRDA:204,25,0,2
BRDA:204,25,1,2
BRDA:214,26,0,4
BRDA:214,26,1,2
BRDA:217,27,0,2
BRDA:217,27,1,0
BRDA:219,28,0,0
BRDA:219,28,1,2
BRDA:224,29,0,0
BRDA:224,29,1,2
BRDA:227,30,0,2
BRDA:227,30,1,2
BRDA:228,31,0,1
BRDA:228,31,1,1
BRDA:228,32,0,2
BRDA:228,32,1,1
BRDA:232,33,0,2
BRDA:232,33,1,0
BRDA:235,34,0,1
BRDA:235,34,1,1
BRDA:245,35,0,1
BRDA:245,35,1,1
BRF:74
BRH:39
end_of_record
TN:
SF:/Users/jiayali/Desktop/webpack-plugin/webpack-build-log-plugin/src/utils.js
FN:1,(anonymous_0)
FN:6,(anonymous_1)
FNF:2
FNH:2
FNDA:1,(anonymous_0)
FNDA:7,(anonymous_1)
DA:1,1
DA:2,1
DA:3,1
DA:4,1
DA:5,1
DA:6,4
DA:7,7
DA:8,7
DA:9,1
DA:13,1
LF:10
LH:10
BRDA:8,0,0,1
BRDA:8,0,1,6
BRDA:8,1,0,7
BRDA:8,1,1,2
BRF:4
BRH:4
end_of_record
